<?xml version="1.0" encoding="UTF-8"?>
<!-- Generated by org.testng.reporters.JUnitXMLReporter -->
<testsuite ignored="1" hostname="DESKTOP-5BS10NK" failures="0" tests="4" name="Test" time="41.469" errors="0" timestamp="2024-05-03T17:56:09 IST">
  <testcase classname="com.project.Project1" name="basicAuth" time="1.798"/>
  <testcase classname="com.project.Project1" name="basicAuth" time="1.802"/>
  <testcase classname="com.project.Project2" name="brokenLink" time="5.659"/>
  <testcase classname="com.project.Project2" name="sysout" time="0.004"/>
  <testcase classname="com.project.Project2" name="sysout2" time="0.0">
    <ignored/>
  </testcase> <!-- sysout2 -->
</testsuite> <!-- Test -->
