<?xml version="1.0" encoding="UTF-8"?>
<!-- Generated by org.testng.reporters.JUnitXMLReporter -->
<testsuite ignored="2" hostname="DESKTOP-5BS10NK" failures="1" tests="2" name="Testsuite2" time="0.381" errors="0" timestamp="2024-05-03T22:03:23 IST">
  <testcase classname="com.project.Project1" name="basicAuth" time="0.326">
    <failure type="java.lang.NullPointerException" message="Cannot invoke &amp;quot;org.openqa.selenium.WebDriver.findElement(org.openqa.selenium.By)&amp;quot; because &amp;quot;com.project.Project1.driver&amp;quot; is null">
      <![CDATA[java.lang.NullPointerException: Cannot invoke "org.openqa.selenium.WebDriver.findElement(org.openqa.selenium.By)" because "com.project.Project1.driver" is null
at com.project.Project1.basicAuth(Project1.java:30)
at java.base/java.util.ArrayList.forEach(ArrayList.java:1511)
at java.base/java.util.concurrent.FutureTask.run(FutureTask.java:264)
at java.base/java.util.concurrent.ThreadPoolExecutor.runWorker(ThreadPoolExecutor.java:1136)
at java.base/java.util.concurrent.ThreadPoolExecutor$Worker.run(ThreadPoolExecutor.java:635)
at java.base/java.lang.Thread.run(Thread.java:842)
... Removed 18 stack frames]]>
    </failure>
  </testcase> <!-- basicAuth -->
  <testcase classname="com.project.Project2" name="sysout" time="0.002"/>
  <testcase classname="com.project.Project2" name="brokenLink" time="0.0">
    <ignored/>
  </testcase> <!-- brokenLink -->
  <testcase classname="com.project.Project2" name="sysout2" time="0.0">
    <ignored/>
  </testcase> <!-- sysout2 -->
</testsuite> <!-- Testsuite2 -->
