<?xml version="1.0" encoding="UTF-8"?>
<!-- Generated by org.testng.reporters.JUnitXMLReporter -->
<testsuite ignored="3" hostname="DESKTOP-5BS10NK" failures="0" tests="1" name="Testsuite1" time="7.261" errors="0" timestamp="2024-05-03T22:03:30 IST">
  <testcase classname="com.project.Project2" name="brokenLink" time="2.123"/>
  <testcase classname="com.project.Project1" name="basicAuth" time="0.0">
    <ignored/>
  </testcase> <!-- basicAuth -->
  <testcase classname="com.project.Project2" name="sysout" time="0.0">
    <ignored/>
  </testcase> <!-- sysout -->
  <testcase classname="com.project.Project2" name="sysout2" time="0.0">
    <ignored/>
  </testcase> <!-- sysout2 -->
</testsuite> <!-- Testsuite1 -->
